<?xml version="1.0" encoding="UTF-8"?>
<testsuite xmlns:xsi="http://www.w3.org/2001/XMLSchema-instance" xsi:noNamespaceSchemaLocation="https://maven.apache.org/surefire/maven-surefire-plugin/xsd/surefire-test-report.xsd" name="se.nilssonlab.GAMSSessionTest" time="0.051" tests="1" errors="0" skipped="0" failures="0">
  <properties>
    <property name="java.specification.version" value="17"/>
    <property name="sun.cpu.isalist" value="amd64"/>
    <property name="sun.jnu.encoding" value="Cp1252"/>
    <property name="java.class.path" value="C:\Users\rolnil\OneDrive - KI.SE\current-projects\flux-robustness\mathematica-gams-bridge\java-intellij\GAMSAPITest\target\test-classes;C:\Users\rolnil\OneDrive - KI.SE\current-projects\flux-robustness\mathematica-gams-bridge\java-intellij\GAMSAPITest\target\classes;C:\Users\rolnil\.m2\repository\junit\junit\4.11\junit-4.11.jar;C:\Users\rolnil\.m2\repository\org\hamcrest\hamcrest-core\1.3\hamcrest-core-1.3.jar;C:\GAMS\win64\24.4\apifiles\Java\api\GAMSJavaAPI.jar;"/>
    <property name="java.vm.vendor" value="Oracle Corporation"/>
    <property name="sun.arch.data.model" value="64"/>
    <property name="user.variant" value=""/>
    <property name="java.vendor.url" value="https://java.oracle.com/"/>
    <property name="user.timezone" value="Europe/Stockholm"/>
    <property name="user.country.format" value="SE"/>
    <property name="os.name" value="Windows 10"/>
    <property name="java.vm.specification.version" value="17"/>
    <property name="sun.java.launcher" value="SUN_STANDARD"/>
    <property name="user.country" value="US"/>
    <property name="sun.boot.library.path" value="C:\Users\rolnil\.jdks\openjdk-17.0.2\bin"/>
    <property name="sun.java.command" value="C:\Users\rolnil\AppData\Local\Temp\surefire12703938630352161076\surefirebooter3357133689668437949.jar C:\Users\rolnil\AppData\Local\Temp\surefire12703938630352161076 2022-01-28T11-03-46_047-jvmRun1 surefire12761400632944360817tmp surefire_02458643670514151217tmp"/>
    <property name="jdk.debug" value="release"/>
    <property name="surefire.test.class.path" value="C:\Users\rolnil\OneDrive - KI.SE\current-projects\flux-robustness\mathematica-gams-bridge\java-intellij\GAMSAPITest\target\test-classes;C:\Users\rolnil\OneDrive - KI.SE\current-projects\flux-robustness\mathematica-gams-bridge\java-intellij\GAMSAPITest\target\classes;C:\Users\rolnil\.m2\repository\junit\junit\4.11\junit-4.11.jar;C:\Users\rolnil\.m2\repository\org\hamcrest\hamcrest-core\1.3\hamcrest-core-1.3.jar;C:\GAMS\win64\24.4\apifiles\Java\api\GAMSJavaAPI.jar;"/>
    <property name="sun.cpu.endian" value="little"/>
    <property name="user.home" value="C:\Users\rolnil"/>
    <property name="user.language" value="en"/>
    <property name="java.specification.vendor" value="Oracle Corporation"/>
    <property name="java.version.date" value="2022-01-18"/>
    <property name="java.home" value="C:\Users\rolnil\.jdks\openjdk-17.0.2"/>
    <property name="file.separator" value="\"/>
    <property name="basedir" value="C:\Users\rolnil\OneDrive - KI.SE\current-projects\flux-robustness\mathematica-gams-bridge\java-intellij\GAMSAPITest"/>
    <property name="java.vm.compressedOopsMode" value="Zero based"/>
    <property name="line.separator" value="&#10;"/>
    <property name="java.vm.specification.vendor" value="Oracle Corporation"/>
    <property name="java.specification.name" value="Java Platform API Specification"/>
    <property name="surefire.real.class.path" value="C:\Users\rolnil\AppData\Local\Temp\surefire12703938630352161076\surefirebooter3357133689668437949.jar"/>
    <property name="user.script" value=""/>
    <property name="sun.management.compiler" value="HotSpot 64-Bit Tiered Compilers"/>
    <property name="java.runtime.version" value="17.0.2+8-86"/>
    <property name="user.name" value="rolnil"/>
    <property name="path.separator" value=";"/>
    <property name="os.version" value="10.0"/>
    <property name="java.runtime.name" value="OpenJDK Runtime Environment"/>
    <property name="file.encoding" value="Cp1252"/>
    <property name="java.vm.name" value="OpenJDK 64-Bit Server VM"/>
    <property name="localRepository" value="C:\Users\rolnil\.m2\repository"/>
    <property name="java.vendor.url.bug" value="https://bugreport.java.com/bugreport/"/>
    <property name="java.io.tmpdir" value="C:\Users\rolnil\AppData\Local\Temp\"/>
    <property name="idea.version" value="2021.3.1"/>
    <property name="java.version" value="17.0.2"/>
    <property name="user.dir" value="C:\Users\rolnil\OneDrive - KI.SE\current-projects\flux-robustness\mathematica-gams-bridge\java-intellij\GAMSAPITest"/>
    <property name="os.arch" value="amd64"/>
    <property name="java.vm.specification.name" value="Java Virtual Machine Specification"/>
    <property name="user.language.format" value="sv"/>
    <property name="sun.os.patch.level" value=""/>
    <property name="native.encoding" value="Cp1252"/>
    <property name="java.library.path" value="C:\Users\rolnil\.jdks\openjdk-17.0.2\bin;C:\WINDOWS\Sun\Java\bin;C:\WINDOWS\system32;C:\WINDOWS;C:\Program Files\AdoptOpenJDK\jre-8.0.282.8-hotspot\bin;C:\WINDOWS\system32;C:\WINDOWS;C:\WINDOWS\System32\Wbem;C:\WINDOWS\System32\WindowsPowerShell\v1.0\;C:\Program Files (x86)\ATI Technologies\ATI.ACE\Core-Static;C:\Program Files\OpenVPN\bin;C:\Program Files\MiKTeX 2.9\miktex\bin\x64\;C:\Program Files\Git\cmd;C:\Program Files\Git\usr\bin;C:\Program Files\PuTTY\;C:\Program Files\MATLAB\R2019b\bin;C:\WINDOWS\System32\OpenSSH\;C:\Program Files\NCBI\magicblast-1.4.0\bin;C:\Users\rolnil\AppData\Local\Microsoft\WindowsApps;C:\bin;C:\GAMS\win64\24.4;C:\sratoolkit.2.9.6-1-win64\bin;C:\Program Files\mingw-w64\x86_64-8.1.0-posix-seh-rt_v6-rev0\mingw64\bin;C:\Program Files\IBM\ILOG\CPLEX_Studio201\opl\bin\x64_win64;C:\Program Files\IBM\ILOG\CPLEX_Studio201\opl\oplide\;C:\Program Files\IBM\ILOG\CPLEX_Studio201\cplex\bin\x64_win64;C:\Program Files\IBM\ILOG\CPLEX_Studio201\cpoptimizer\bin\x64_win64;C:\Program Files\R\R-4.1.2\bin;C:\rtools40\usr\bin;;."/>
    <property name="java.vm.info" value="mixed mode, sharing"/>
    <property name="java.vendor" value="Oracle Corporation"/>
    <property name="java.vm.version" value="17.0.2+8-86"/>
    <property name="sun.io.unicode.encoding" value="UnicodeLittle"/>
    <property name="java.class.version" value="61.0"/>
  </properties>
  <testcase name="shouldAnswerWithTrue" classname="se.nilssonlab.GAMSSessionTest" time="0"/>
</testsuite>